# JRE version: OpenJDK Runtime Environment (8.0_152-b06) (build 1.8.0_152-release-1136-b06)
# Java VM: OpenJDK 64-Bit Server VM (25.152-b06 mixed mode windows-amd64 compressed oops)
Heap:
 PSYoungGen      total 282112K, used 150198K [0x00000000e0000000, 0x00000000f6800000, 0x0000000100000000)
  eden space 253440K, 58% used [0x00000000e0000000,0x00000000e91b58b0,0x00000000ef780000)
  from space 28672K, 3% used [0x00000000ef780000,0x00000000ef878020,0x00000000f1380000)
  to   space 29184K, 0% used [0x00000000f4b80000,0x00000000f4b80000,0x00000000f6800000)
 ParOldGen       total 151552K, used 71775K [0x00000000a0000000, 0x00000000a9400000, 0x00000000e0000000)
  object space 151552K, 47% used [0x00000000a0000000,0x00000000a4617ff0,0x00000000a9400000)
 Metaspace       used 85850K, capacity 90284K, committed 90712K, reserved 1128448K
  class space    used 10771K, capacity 11695K, committed 11904K, reserved 1048576K
GC Heap History (10 events):
Event: 1476.012 GC heap before
{Heap before GC invocations=25 (full 3):
 PSYoungGen      total 176128K, used 159618K [0x00000000e0000000, 0x00000000ef980000, 0x0000000100000000)
  eden space 144384K, 100% used [0x00000000e0000000,0x00000000e8d00000,0x00000000e8d00000)
  from space 31744K, 47% used [0x00000000e8d00000,0x00000000e9be0a38,0x00000000eac00000)
  to   space 30208K, 0% used [0x00000000edc00000,0x00000000edc00000,0x00000000ef980000)
 ParOldGen       total 108544K, used 85030K [0x00000000a0000000, 0x00000000a6a00000, 0x00000000e0000000)
  object space 108544K, 78% used [0x00000000a0000000,0x00000000a5309be8,0x00000000a6a00000)
 Metaspace       used 84635K, capacity 89034K, committed 89304K, reserved 1126400K
  class space    used 10755K, capacity 11718K, committed 11776K, reserved 1048576K
Event: 1476.040 GC heap after
Heap after GC invocations=25 (full 3):
 PSYoungGen      total 219136K, used 7526K [0x00000000e0000000, 0x00000000ef600000, 0x0000000100000000)
  eden space 192512K, 0% used [0x00000000e0000000,0x00000000e0000000,0x00000000ebc00000)
  from space 26624K, 28% used [0x00000000edc00000,0x00000000ee359898,0x00000000ef600000)
  to   space 29696K, 0% used [0x00000000ebc00000,0x00000000ebc00000,0x00000000ed900000)
 ParOldGen       total 108544K, used 97739K [0x00000000a0000000, 0x00000000a6a00000, 0x00000000e0000000)
  object space 108544K, 90% used [0x00000000a0000000,0x00000000a5f72e68,0x00000000a6a00000)
 Metaspace       used 84635K, capacity 89034K, committed 89304K, reserved 1126400K
  class space    used 10755K, capacity 11718K, committed 11776K, reserved 1048576K
}
Event: 1476.040 GC heap before
{Heap before GC invocations=26 (full 4):
 PSYoungGen      total 219136K, used 7526K [0x00000000e0000000, 0x00000000ef600000, 0x0000000100000000)
  eden space 192512K, 0% used [0x00000000e0000000,0x00000000e0000000,0x00000000ebc00000)
  from space 26624K, 28% used [0x00000000edc00000,0x00000000ee359898,0x00000000ef600000)
  to   space 29696K, 0% used [0x00000000ebc00000,0x00000000ebc00000,0x00000000ed900000)
 ParOldGen       total 108544K, used 97739K [0x00000000a0000000, 0x00000000a6a00000, 0x00000000e0000000)
  object space 108544K, 90% used [0x00000000a0000000,0x00000000a5f72e68,0x00000000a6a00000)
 Metaspace       used 84635K, capacity 89034K, committed 89304K, reserved 1126400K
  class space    used 10755K, capacity 11718K, committed 11776K, reserved 1048576K
Event: 1476.285 GC heap after
Heap after GC invocations=26 (full 4):
 PSYoungGen      total 219136K, used 0K [0x00000000e0000000, 0x00000000ef600000, 0x0000000100000000)
  eden space 192512K, 0% used [0x00000000e0000000,0x00000000e0000000,0x00000000ebc00000)
  from space 26624K, 0% used [0x00000000edc00000,0x00000000edc00000,0x00000000ef600000)
  to   space 29696K, 0% used [0x00000000ebc00000,0x00000000ebc00000,0x00000000ed900000)
 ParOldGen       total 151552K, used 63551K [0x00000000a0000000, 0x00000000a9400000, 0x00000000e0000000)
  object space 151552K, 41% used [0x00000000a0000000,0x00000000a3e0fc78,0x00000000a9400000)
 Metaspace       used 84531K, capacity 88694K, committed 89304K, reserved 1126400K
  class space    used 10726K, capacity 11626K, committed 11776K, reserved 1048576K
}
Event: 1525.475 GC heap before
{Heap before GC invocations=27 (full 4):
 PSYoungGen      total 219136K, used 192512K [0x00000000e0000000, 0x00000000ef600000, 0x0000000100000000)
  eden space 192512K, 100% used [0x00000000e0000000,0x00000000ebc00000,0x00000000ebc00000)
  from space 26624K, 0% used [0x00000000edc00000,0x00000000edc00000,0x00000000ef600000)
  to   space 29696K, 0% used [0x00000000ebc00000,0x00000000ebc00000,0x00000000ed900000)
 ParOldGen       total 151552K, used 63551K [0x00000000a0000000, 0x00000000a9400000, 0x00000000e0000000)
  object space 151552K, 41% used [0x00000000a0000000,0x00000000a3e0fc78,0x00000000a9400000)
 Metaspace       used 85025K, capacity 89370K, committed 89560K, reserved 1126400K
  class space    used 10755K, capacity 11674K, committed 11776K, reserved 1048576K
Event: 1525.493 GC heap after
Heap after GC invocations=27 (full 4):
 PSYoungGen      total 222208K, used 7552K [0x00000000e0000000, 0x00000000f3400000, 0x0000000100000000)
  eden space 192512K, 0% used [0x00000000e0000000,0x00000000e0000000,0x00000000ebc00000)
  from space 29696K, 25% used [0x00000000ebc00000,0x00000000ec360220,0x00000000ed900000)
  to   space 29184K, 0% used [0x00000000f1780000,0x00000000f1780000,0x00000000f3400000)
 ParOldGen       total 151552K, used 63559K [0x00000000a0000000, 0x00000000a9400000, 0x00000000e0000000)
  object space 151552K, 41% used [0x00000000a0000000,0x00000000a3e11c78,0x00000000a9400000)
 Metaspace       used 85025K, capacity 89370K, committed 89560K, reserved 1126400K
  class space    used 10755K, capacity 11674K, committed 11776K, reserved 1048576K
}
Event: 1727.501 GC heap before
{Heap before GC invocations=28 (full 4):
 PSYoungGen      total 222208K, used 199887K [0x00000000e0000000, 0x00000000f3400000, 0x0000000100000000)
  eden space 192512K, 99% used [0x00000000e0000000,0x00000000ebbd3cf0,0x00000000ebc00000)
  from space 29696K, 25% used [0x00000000ebc00000,0x00000000ec360220,0x00000000ed900000)
  to   space 29184K, 0% used [0x00000000f1780000,0x00000000f1780000,0x00000000f3400000)
 ParOldGen       total 151552K, used 63559K [0x00000000a0000000, 0x00000000a9400000, 0x00000000e0000000)
  object space 151552K, 41% used [0x00000000a0000000,0x00000000a3e11c78,0x00000000a9400000)
 Metaspace       used 85513K, capacity 89860K, committed 90200K, reserved 1128448K
  class space    used 10768K, capacity 11691K, committed 11904K, reserved 1048576K
Event: 1727.513 GC heap after
Heap after GC invocations=28 (full 4):
 PSYoungGen      total 278016K, used 9200K [0x00000000e0000000, 0x00000000f2f80000, 0x0000000100000000)
  eden space 253440K, 0% used [0x00000000e0000000,0x00000000e0000000,0x00000000ef780000)
  from space 24576K, 37% used [0x00000000f1780000,0x00000000f207c0a0,0x00000000f2f80000)
  to   space 28672K, 0% used [0x00000000ef780000,0x00000000ef780000,0x00000000f1380000)
 ParOldGen       total 151552K, used 63567K [0x00000000a0000000, 0x00000000a9400000, 0x00000000e0000000)
  object space 151552K, 41% used [0x00000000a0000000,0x00000000a3e13c78,0x00000000a9400000)
 Metaspace       used 85513K, capacity 89860K, committed 90200K, reserved 1128448K
  class space    used 10768K, capacity 11691K, committed 11904K, reserved 1048576K
}
Event: 1731.993 GC heap before
{Heap before GC invocations=29 (full 4):
 PSYoungGen      total 278016K, used 262640K [0x00000000e0000000, 0x00000000f2f80000, 0x0000000100000000)
  eden space 253440K, 100% used [0x00000000e0000000,0x00000000ef780000,0x00000000ef780000)
  from space 24576K, 37% used [0x00000000f1780000,0x00000000f207c0a0,0x00000000f2f80000)
  to   space 28672K, 0% used [0x00000000ef780000,0x00000000ef780000,0x00000000f1380000)
 ParOldGen       total 151552K, used 63567K [0x00000000a0000000, 0x00000000a9400000, 0x00000000e0000000)
  object space 151552K, 41% used [0x00000000a0000000,0x00000000a3e13c78,0x00000000a9400000)
 Metaspace       used 85578K, capacity 89944K, committed 90200K, reserved 1128448K
  class space    used 10769K, capacity 11693K, committed 11904K, reserved 1048576K
Event: 1732.007 GC heap after
Heap after GC invocations=29 (full 4):
 PSYoungGen      total 282112K, used 992K [0x00000000e0000000, 0x00000000f6800000, 0x0000000100000000)
  eden space 253440K, 0% used [0x00000000e0000000,0x00000000e0000000,0x00000000ef780000)
  from space 28672K, 3% used [0x00000000ef780000,0x00000000ef878020,0x00000000f1380000)
  to   space 29184K, 0% used [0x00000000f4b80000,0x00000000f4b80000,0x00000000f6800000)
 ParOldGen       total 151552K, used 71775K [0x00000000a0000000, 0x00000000a9400000, 0x00000000e0000000)
  object space 151552K, 47% used [0x00000000a0000000,0x00000000a4617ff0,0x00000000a9400000)
 Metaspace       used 85578K, capacity 89944K, committed 90200K, reserved 1128448K
  class space    used 10769K, capacity 11693K, committed 11904K, reserved 1048576K
}

